<component name="libraryTable">
  <library name="junit-platform-commons-1.12.2">
    <CLASSES>
      <root url="jar://$USER_HOME$/Downloads/junit-platform-commons-1.12.2.jar!/" />
    </CLASSES>
    <JAVADOC />
    <SOURCES />
  </library>
</component>